Running in MOCK mode (no model loaded)
Running benchmark for 2 tasks using 1 worker(s)...
DEBUG: Processing task 1 (summarization)
python : Traceback 
(most recent call 
last):
At line:1 char:1
+ python 
run_benchmark.py 
--model_path "mock" 
--mock --workers 1 > 
outp ...
+ ~~~~~~~~~~~~~~~~~~~~
~~~~~~~~~~~~~~~~~~~~~~
~~~~~~~~~~~~~~~~~~~~~~
~~~~~
    + CategoryInfo    
          : NotSpeci  
  fied: (Traceback    
 (most recent call    
 last)::String) [    
], RemoteExceptio    n
    + FullyQualifiedE 
   rrorId : NativeCo  
  mmandError
 
  File "C:\Users\riddh
\OneDrive\Desktop\SLM 
use cases\text_generat
ion\run_benchmark.py",
 line 91, in <module>
    main()
  File "C:\Users\riddh
\OneDrive\Desktop\SLM 
use cases\text_generat
ion\run_benchmark.py",
 line 79, in main
    final_results.appe
nd(process_task(task))
                      
   ^^^^^^^^^^^^^^^^^^
  File "C:\Users\riddh
\OneDrive\Desktop\SLM 
use cases\text_generat
ion\run_benchmark.py",
 line 52, in 
process_task
    
capability_metrics = c
ollector.aggregate_met
rics(
                      
   ^^^^^^^^^^^^^^^^^^^
^^^^^^^^^
  File "C:\Users\riddh
\OneDrive\Desktop\SLM 
use cases\text_generat
ion\scripts\metrics_co
llector.py", line 69, 
in aggregate_metrics
    metrics.update(sel
f.check_constraints(re
sponse, constraints))
                   ^^^
^^^^^^^^^^^^^^^^^^^^^^
^^^^^^^^^^^^^^^^^^^^
  File "C:\Users\riddh
\OneDrive\Desktop\SLM 
use cases\text_generat
ion\scripts\metrics_co
llector.py", line 38, 
in check_constraints
    sentences = sent_t
okenize(response.strip
())
                ^^^^^^
^^^^^^^^^^^^^^^^^^^^^^
^^^
  File "C:\Users\riddh
\AppData\Local\Package
s\PythonSoftwareFounda
tion.Python.3.11_qbz5n
2kfra8p0\LocalCache\lo
cal-packages\Python311
\site-packages\nltk\to
kenize\__init__.py", 
line 119, in 
sent_tokenize
    tokenizer = _get_p
unkt_tokenizer(languag
e)
                ^^^^^^
^^^^^^^^^^^^^^^^^^^^^^
^^
  File "C:\Users\riddh
\AppData\Local\Package
s\PythonSoftwareFounda
tion.Python.3.11_qbz5n
2kfra8p0\LocalCache\lo
cal-packages\Python311
\site-packages\nltk\to
kenize\__init__.py", 
line 105, in 
_get_punkt_tokenizer
    return PunktTokeni
zer(language)
           ^^^^^^^^^^^
^^^^^^^^^^^^^
  File "C:\Users\riddh
\AppData\Local\Package
s\PythonSoftwareFounda
tion.Python.3.11_qbz5n
2kfra8p0\LocalCache\lo
cal-packages\Python311
\site-packages\nltk\to
kenize\punkt.py", 
line 1744, in __init__
    
self.load_lang(lang)
  File "C:\Users\riddh
\AppData\Local\Package
s\PythonSoftwareFounda
tion.Python.3.11_qbz5n
2kfra8p0\LocalCache\lo
cal-packages\Python311
\site-packages\nltk\to
kenize\punkt.py", 
line 1749, in 
load_lang
    lang_dir = find(f"
tokenizers/punkt_tab/{
lang}/")
               ^^^^^^^
^^^^^^^^^^^^^^^^^^^^^^
^^^^^^^^
  File "C:\Users\riddh
\AppData\Local\Package
s\PythonSoftwareFounda
tion.Python.3.11_qbz5n
2kfra8p0\LocalCache\lo
cal-packages\Python311
\site-packages\nltk\da
ta.py", line 579, in 
find
    raise LookupError(
resource_not_found)
LookupError: 
**********************
**********************
**********************
****
  Resource 
[93mpunkt_tab[0m 
not found.
  Please use the NLTK 
Downloader to obtain 
the resource:

  [31m>>> import nltk
  >>> nltk.download('p
unkt_tab')
  [0m
  For more 
information see: https
://www.nltk.org/data.h
tml

  Attempted to load [
93mtokenizers/punkt_ta
b/english/[0m

  Searched in:
    - 'C:\\Users\\ridd
h/nltk_data'
    - 'C:\\Program Fil
es\\WindowsApps\\Pytho
nSoftwareFoundation.Py
thon.3.11_3.11.2544.0_
x64__qbz5n2kfra8p0\\nl
tk_data'
    - 'C:\\Program Fil
es\\WindowsApps\\Pytho
nSoftwareFoundation.Py
thon.3.11_3.11.2544.0_
x64__qbz5n2kfra8p0\\sh
are\\nltk_data'
    - 'C:\\Program Fil
es\\WindowsApps\\Pytho
nSoftwareFoundation.Py
thon.3.11_3.11.2544.0_
x64__qbz5n2kfra8p0\\li
b\\nltk_data'
    - 'C:\\Users\\ridd
h\\AppData\\Roaming\\n
ltk_data'
    - 'C:\\nltk_data'
    - 'D:\\nltk_data'
    - 'E:\\nltk_data'
**********************
**********************
**********************
****

